<?xml version="1.0" encoding="UTF-8"?>
<testsuite xmlns:xsi="http://www.w3.org/2001/XMLSchema-instance" xsi:noNamespaceSchemaLocation="https://maven.apache.org/surefire/maven-surefire-plugin/xsd/surefire-test-report-3.0.xsd" version="3.0" name="ssc.processors.demo.MyProcessorTest" time="0.316" tests="1" errors="0" skipped="0" failures="0">
  <properties>
    <property name="sun.desktop" value="windows"/>
    <property name="awt.toolkit" value="sun.awt.windows.WToolkit"/>
    <property name="file.encoding.pkg" value="sun.io"/>
    <property name="java.specification.version" value="1.8"/>
    <property name="sun.cpu.isalist" value="amd64"/>
    <property name="sun.jnu.encoding" value="Cp1251"/>
    <property name="java.class.path" value="C:\Users\mvchernov\work\nifi-1.17.0\dev\NewProcessor\SSC-processors\nifi-demo-processors\target\test-classes;C:\Users\mvchernov\work\nifi-1.17.0\dev\NewProcessor\SSC-processors\nifi-demo-processors\target\classes;C:\Users\mvchernov\.m2\repository\org\apache\nifi\nifi-api\1.17.0\nifi-api-1.17.0.jar;C:\Users\mvchernov\.m2\repository\org\apache\nifi\nifi-utils\1.17.0\nifi-utils-1.17.0.jar;C:\Users\mvchernov\.m2\repository\org\apache\nifi\nifi-mock\1.17.0\nifi-mock-1.17.0.jar;C:\Users\mvchernov\.m2\repository\org\apache\nifi\nifi-framework-api\1.17.0\nifi-framework-api-1.17.0.jar;C:\Users\mvchernov\.m2\repository\org\apache\nifi\nifi-parameter\1.17.0\nifi-parameter-1.17.0.jar;C:\Users\mvchernov\.m2\repository\org\apache\nifi\nifi-framework-core-api\1.17.0\nifi-framework-core-api-1.17.0.jar;C:\Users\mvchernov\.m2\repository\org\apache\nifi\nifi-framework-nar-utils\1.17.0\nifi-framework-nar-utils-1.17.0.jar;C:\Users\mvchernov\.m2\repository\org\apache\nifi\nifi-runtime-manifest-core\1.17.0\nifi-runtime-manifest-core-1.17.0.jar;C:\Users\mvchernov\.m2\repository\org\apache\nifi\nifi-extension-manifest-parser\1.17.0\nifi-extension-manifest-parser-1.17.0.jar;C:\Users\mvchernov\.m2\repository\org\apache\nifi\nifi-client-dto\1.17.0\nifi-client-dto-1.17.0.jar;C:\Users\mvchernov\.m2\repository\io\swagger\swagger-annotations\1.6.0\swagger-annotations-1.6.0.jar;C:\Users\mvchernov\.m2\repository\org\apache\nifi\c2-protocol-component-api\1.17.0\c2-protocol-component-api-1.17.0.jar;C:\Users\mvchernov\.m2\repository\org\apache\nifi\nifi-site-to-site-client\1.17.0\nifi-site-to-site-client-1.17.0.jar;C:\Users\mvchernov\.m2\repository\org\apache\nifi\nifi-security-utils\1.17.0\nifi-security-utils-1.17.0.jar;C:\Users\mvchernov\.m2\repository\org\apache\nifi\nifi-security-utils-api\1.17.0\nifi-security-utils-api-1.17.0.jar;C:\Users\mvchernov\.m2\repository\org\bouncycastle\bcprov-jdk15on\1.70\bcprov-jdk15on-1.70.jar;C:\Users\mvchernov\.m2\repository\org\bouncycastle\bcpkix-jdk15on\1.70\bcpkix-jdk15on-1.70.jar;C:\Users\mvchernov\.m2\repository\org\bouncycastle\bcutil-jdk15on\1.70\bcutil-jdk15on-1.70.jar;C:\Users\mvchernov\.m2\repository\org\apache\nifi\nifi-properties\1.17.0\nifi-properties-1.17.0.jar;C:\Users\mvchernov\.m2\repository\org\apache\nifi\nifi-property-utils\1.17.0\nifi-property-utils-1.17.0.jar;C:\Users\mvchernov\.m2\repository\at\favre\lib\bcrypt\0.9.0\bcrypt-0.9.0.jar;C:\Users\mvchernov\.m2\repository\at\favre\lib\bytes\1.3.0\bytes-1.3.0.jar;C:\Users\mvchernov\.m2\repository\org\apache\nifi\nifi-xml-processing\1.17.0\nifi-xml-processing-1.17.0.jar;C:\Users\mvchernov\.m2\repository\org\apache\httpcomponents\httpclient\4.5.13\httpclient-4.5.13.jar;C:\Users\mvchernov\.m2\repository\org\apache\httpcomponents\httpcore\4.4.15\httpcore-4.4.15.jar;C:\Users\mvchernov\.m2\repository\org\apache\httpcomponents\httpasyncclient\4.1.4\httpasyncclient-4.1.4.jar;C:\Users\mvchernov\.m2\repository\org\apache\httpcomponents\httpcore-nio\4.4.10\httpcore-nio-4.4.10.jar;C:\Users\mvchernov\.m2\repository\org\apache\commons\commons-lang3\3.12.0\commons-lang3-3.12.0.jar;C:\Users\mvchernov\.m2\repository\org\apache\nifi\nifi-framework-authorization\1.17.0\nifi-framework-authorization-1.17.0.jar;C:\Users\mvchernov\.m2\repository\org\apache\nifi\registry\nifi-registry-data-model\1.17.0\nifi-registry-data-model-1.17.0.jar;C:\Users\mvchernov\.m2\repository\javax\validation\validation-api\2.0.1.Final\validation-api-2.0.1.Final.jar;C:\Users\mvchernov\.m2\repository\javax\ws\rs\javax.ws.rs-api\2.1\javax.ws.rs-api-2.1.jar;C:\Users\mvchernov\.m2\repository\org\apache\nifi\registry\nifi-registry-revision-entity-model\1.17.0\nifi-registry-revision-entity-model-1.17.0.jar;C:\Users\mvchernov\.m2\repository\org\apache\nifi\nifi-extension-manifest-model\1.17.0\nifi-extension-manifest-model-1.17.0.jar;C:\Users\mvchernov\.m2\repository\org\apache\nifi\registry\nifi-registry-client\1.17.0\nifi-registry-client-1.17.0.jar;C:\Users\mvchernov\.m2\repository\org\apache\nifi\registry\nifi-registry-security-utils\1.17.0\nifi-registry-security-utils-1.17.0.jar;C:\Users\mvchernov\.m2\repository\org\glassfish\jersey\core\jersey-client\2.36\jersey-client-2.36.jar;C:\Users\mvchernov\.m2\repository\jakarta\ws\rs\jakarta.ws.rs-api\2.1.6\jakarta.ws.rs-api-2.1.6.jar;C:\Users\mvchernov\.m2\repository\org\glassfish\hk2\external\jakarta.inject\2.6.1\jakarta.inject-2.6.1.jar;C:\Users\mvchernov\.m2\repository\org\glassfish\jersey\media\jersey-media-json-jackson\2.36\jersey-media-json-jackson-2.36.jar;C:\Users\mvchernov\.m2\repository\org\glassfish\jersey\ext\jersey-entity-filtering\2.36\jersey-entity-filtering-2.36.jar;C:\Users\mvchernov\.m2\repository\com\fasterxml\jackson\module\jackson-module-jaxb-annotations\2.13.3\jackson-module-jaxb-annotations-2.13.3.jar;C:\Users\mvchernov\.m2\repository\jakarta\xml\bind\jakarta.xml.bind-api\2.3.3\jakarta.xml.bind-api-2.3.3.jar;C:\Users\mvchernov\.m2\repository\jakarta\activation\jakarta.activation-api\1.2.1\jakarta.activation-api-1.2.1.jar;C:\Users\mvchernov\.m2\repository\org\glassfish\jersey\inject\jersey-hk2\2.36\jersey-hk2-2.36.jar;C:\Users\mvchernov\.m2\repository\org\glassfish\hk2\hk2-locator\2.6.1\hk2-locator-2.6.1.jar;C:\Users\mvchernov\.m2\repository\org\glassfish\hk2\external\aopalliance-repackaged\2.6.1\aopalliance-repackaged-2.6.1.jar;C:\Users\mvchernov\.m2\repository\org\glassfish\hk2\hk2-api\2.6.1\hk2-api-2.6.1.jar;C:\Users\mvchernov\.m2\repository\org\glassfish\hk2\hk2-utils\2.6.1\hk2-utils-2.6.1.jar;C:\Users\mvchernov\.m2\repository\org\javassist\javassist\3.25.0-GA\javassist-3.25.0-GA.jar;C:\Users\mvchernov\.m2\repository\org\glassfish\jersey\core\jersey-common\2.36\jersey-common-2.36.jar;C:\Users\mvchernov\.m2\repository\jakarta\annotation\jakarta.annotation-api\1.3.5\jakarta.annotation-api-1.3.5.jar;C:\Users\mvchernov\.m2\repository\org\glassfish\hk2\osgi-resource-locator\1.0.3\osgi-resource-locator-1.0.3.jar;C:\Users\mvchernov\.m2\repository\org\glassfish\jersey\media\jersey-media-multipart\2.36\jersey-media-multipart-2.36.jar;C:\Users\mvchernov\.m2\repository\org\jvnet\mimepull\mimepull\1.9.13\mimepull-1.9.13.jar;C:\Users\mvchernov\.m2\repository\org\apache\nifi\nifi-expression-language\1.17.0\nifi-expression-language-1.17.0.jar;C:\Users\mvchernov\.m2\repository\org\antlr\antlr-runtime\3.5.2\antlr-runtime-3.5.2.jar;C:\Users\mvchernov\.m2\repository\org\apache\nifi\nifi-uuid5\1.17.0\nifi-uuid5-1.17.0.jar;C:\Users\mvchernov\.m2\repository\com\jayway\jsonpath\json-path\2.6.0\json-path-2.6.0.jar;C:\Users\mvchernov\.m2\repository\net\minidev\json-smart\2.4.8\json-smart-2.4.8.jar;C:\Users\mvchernov\.m2\repository\net\minidev\accessors-smart\2.4.8\accessors-smart-2.4.8.jar;C:\Users\mvchernov\.m2\repository\org\ow2\asm\asm\9.1\asm-9.1.jar;C:\Users\mvchernov\.m2\repository\org\apache\commons\commons-text\1.8\commons-text-1.8.jar;C:\Users\mvchernov\.m2\repository\commons-codec\commons-codec\1.15\commons-codec-1.15.jar;C:\Users\mvchernov\.m2\repository\org\apache\nifi\nifi-data-provenance-utils\1.17.0\nifi-data-provenance-utils-1.17.0.jar;C:\Users\mvchernov\.m2\repository\org\slf4j\slf4j-simple\1.7.36\slf4j-simple-1.7.36.jar;C:\Users\mvchernov\.m2\repository\org\slf4j\slf4j-api\1.7.36\slf4j-api-1.7.36.jar;C:\Users\mvchernov\.m2\repository\org\junit\jupiter\junit-jupiter-api\5.8.2\junit-jupiter-api-5.8.2.jar;C:\Users\mvchernov\.m2\repository\org\opentest4j\opentest4j\1.2.0\opentest4j-1.2.0.jar;C:\Users\mvchernov\.m2\repository\org\junit\platform\junit-platform-commons\1.8.2\junit-platform-commons-1.8.2.jar;C:\Users\mvchernov\.m2\repository\org\apiguardian\apiguardian-api\1.1.2\apiguardian-api-1.1.2.jar;C:\Users\mvchernov\.m2\repository\org\junit\jupiter\junit-jupiter-engine\5.8.2\junit-jupiter-engine-5.8.2.jar;C:\Users\mvchernov\.m2\repository\org\junit\platform\junit-platform-engine\1.8.2\junit-platform-engine-1.8.2.jar;C:\Users\mvchernov\.m2\repository\com\fasterxml\jackson\core\jackson-databind\2.11.1\jackson-databind-2.11.1.jar;C:\Users\mvchernov\.m2\repository\com\fasterxml\jackson\core\jackson-annotations\2.13.3\jackson-annotations-2.13.3.jar;C:\Users\mvchernov\.m2\repository\com\fasterxml\jackson\core\jackson-core\2.13.3\jackson-core-2.13.3.jar;C:\Users\mvchernov\.m2\repository\org\junit\vintage\junit-vintage-engine\5.8.2\junit-vintage-engine-5.8.2.jar;C:\Users\mvchernov\.m2\repository\junit\junit\4.13.2\junit-4.13.2.jar;C:\Users\mvchernov\.m2\repository\org\hamcrest\hamcrest-core\1.3\hamcrest-core-1.3.jar;C:\Users\mvchernov\.m2\repository\org\junit\jupiter\junit-jupiter-params\5.8.2\junit-jupiter-params-5.8.2.jar;C:\Users\mvchernov\.m2\repository\org\mockito\mockito-core\3.11.2\mockito-core-3.11.2.jar;C:\Users\mvchernov\.m2\repository\net\bytebuddy\byte-buddy\1.11.3\byte-buddy-1.11.3.jar;C:\Users\mvchernov\.m2\repository\net\bytebuddy\byte-buddy-agent\1.11.3\byte-buddy-agent-1.11.3.jar;C:\Users\mvchernov\.m2\repository\org\objenesis\objenesis\3.2\objenesis-3.2.jar;C:\Users\mvchernov\.m2\repository\org\mockito\mockito-junit-jupiter\3.11.2\mockito-junit-jupiter-3.11.2.jar;C:\Users\mvchernov\.m2\repository\org\codehaus\groovy\groovy-test\3.0.9\groovy-test-3.0.9.jar;C:\Users\mvchernov\.m2\repository\org\codehaus\groovy\groovy\3.0.9\groovy-3.0.9.jar;"/>
    <property name="java.vm.vendor" value="Amazon.com Inc."/>
    <property name="sun.arch.data.model" value="64"/>
    <property name="user.variant" value=""/>
    <property name="java.vendor.url" value="https://aws.amazon.com/corretto/"/>
    <property name="user.timezone" value="Europe/Moscow"/>
    <property name="java.vm.specification.version" value="1.8"/>
    <property name="os.name" value="Windows 10"/>
    <property name="user.country" value="RU"/>
    <property name="sun.java.launcher" value="SUN_STANDARD"/>
    <property name="sun.boot.library.path" value="C:\JDK\jre\bin"/>
    <property name="sun.java.command" value="C:\Users\mvchernov\AppData\Local\Temp\surefire8473957934164823727\surefirebooter-20220816154718192_3.jar C:\Users\mvchernov\AppData\Local\Temp\surefire8473957934164823727 2022-08-16T15-47-18_008-jvmRun1 surefire-20220816154718192_1tmp surefire_0-20220816154718192_2tmp"/>
    <property name="surefire.test.class.path" value="C:\Users\mvchernov\work\nifi-1.17.0\dev\NewProcessor\SSC-processors\nifi-demo-processors\target\test-classes;C:\Users\mvchernov\work\nifi-1.17.0\dev\NewProcessor\SSC-processors\nifi-demo-processors\target\classes;C:\Users\mvchernov\.m2\repository\org\apache\nifi\nifi-api\1.17.0\nifi-api-1.17.0.jar;C:\Users\mvchernov\.m2\repository\org\apache\nifi\nifi-utils\1.17.0\nifi-utils-1.17.0.jar;C:\Users\mvchernov\.m2\repository\org\apache\nifi\nifi-mock\1.17.0\nifi-mock-1.17.0.jar;C:\Users\mvchernov\.m2\repository\org\apache\nifi\nifi-framework-api\1.17.0\nifi-framework-api-1.17.0.jar;C:\Users\mvchernov\.m2\repository\org\apache\nifi\nifi-parameter\1.17.0\nifi-parameter-1.17.0.jar;C:\Users\mvchernov\.m2\repository\org\apache\nifi\nifi-framework-core-api\1.17.0\nifi-framework-core-api-1.17.0.jar;C:\Users\mvchernov\.m2\repository\org\apache\nifi\nifi-framework-nar-utils\1.17.0\nifi-framework-nar-utils-1.17.0.jar;C:\Users\mvchernov\.m2\repository\org\apache\nifi\nifi-runtime-manifest-core\1.17.0\nifi-runtime-manifest-core-1.17.0.jar;C:\Users\mvchernov\.m2\repository\org\apache\nifi\nifi-extension-manifest-parser\1.17.0\nifi-extension-manifest-parser-1.17.0.jar;C:\Users\mvchernov\.m2\repository\org\apache\nifi\nifi-client-dto\1.17.0\nifi-client-dto-1.17.0.jar;C:\Users\mvchernov\.m2\repository\io\swagger\swagger-annotations\1.6.0\swagger-annotations-1.6.0.jar;C:\Users\mvchernov\.m2\repository\org\apache\nifi\c2-protocol-component-api\1.17.0\c2-protocol-component-api-1.17.0.jar;C:\Users\mvchernov\.m2\repository\org\apache\nifi\nifi-site-to-site-client\1.17.0\nifi-site-to-site-client-1.17.0.jar;C:\Users\mvchernov\.m2\repository\org\apache\nifi\nifi-security-utils\1.17.0\nifi-security-utils-1.17.0.jar;C:\Users\mvchernov\.m2\repository\org\apache\nifi\nifi-security-utils-api\1.17.0\nifi-security-utils-api-1.17.0.jar;C:\Users\mvchernov\.m2\repository\org\bouncycastle\bcprov-jdk15on\1.70\bcprov-jdk15on-1.70.jar;C:\Users\mvchernov\.m2\repository\org\bouncycastle\bcpkix-jdk15on\1.70\bcpkix-jdk15on-1.70.jar;C:\Users\mvchernov\.m2\repository\org\bouncycastle\bcutil-jdk15on\1.70\bcutil-jdk15on-1.70.jar;C:\Users\mvchernov\.m2\repository\org\apache\nifi\nifi-properties\1.17.0\nifi-properties-1.17.0.jar;C:\Users\mvchernov\.m2\repository\org\apache\nifi\nifi-property-utils\1.17.0\nifi-property-utils-1.17.0.jar;C:\Users\mvchernov\.m2\repository\at\favre\lib\bcrypt\0.9.0\bcrypt-0.9.0.jar;C:\Users\mvchernov\.m2\repository\at\favre\lib\bytes\1.3.0\bytes-1.3.0.jar;C:\Users\mvchernov\.m2\repository\org\apache\nifi\nifi-xml-processing\1.17.0\nifi-xml-processing-1.17.0.jar;C:\Users\mvchernov\.m2\repository\org\apache\httpcomponents\httpclient\4.5.13\httpclient-4.5.13.jar;C:\Users\mvchernov\.m2\repository\org\apache\httpcomponents\httpcore\4.4.15\httpcore-4.4.15.jar;C:\Users\mvchernov\.m2\repository\org\apache\httpcomponents\httpasyncclient\4.1.4\httpasyncclient-4.1.4.jar;C:\Users\mvchernov\.m2\repository\org\apache\httpcomponents\httpcore-nio\4.4.10\httpcore-nio-4.4.10.jar;C:\Users\mvchernov\.m2\repository\org\apache\commons\commons-lang3\3.12.0\commons-lang3-3.12.0.jar;C:\Users\mvchernov\.m2\repository\org\apache\nifi\nifi-framework-authorization\1.17.0\nifi-framework-authorization-1.17.0.jar;C:\Users\mvchernov\.m2\repository\org\apache\nifi\registry\nifi-registry-data-model\1.17.0\nifi-registry-data-model-1.17.0.jar;C:\Users\mvchernov\.m2\repository\javax\validation\validation-api\2.0.1.Final\validation-api-2.0.1.Final.jar;C:\Users\mvchernov\.m2\repository\javax\ws\rs\javax.ws.rs-api\2.1\javax.ws.rs-api-2.1.jar;C:\Users\mvchernov\.m2\repository\org\apache\nifi\registry\nifi-registry-revision-entity-model\1.17.0\nifi-registry-revision-entity-model-1.17.0.jar;C:\Users\mvchernov\.m2\repository\org\apache\nifi\nifi-extension-manifest-model\1.17.0\nifi-extension-manifest-model-1.17.0.jar;C:\Users\mvchernov\.m2\repository\org\apache\nifi\registry\nifi-registry-client\1.17.0\nifi-registry-client-1.17.0.jar;C:\Users\mvchernov\.m2\repository\org\apache\nifi\registry\nifi-registry-security-utils\1.17.0\nifi-registry-security-utils-1.17.0.jar;C:\Users\mvchernov\.m2\repository\org\glassfish\jersey\core\jersey-client\2.36\jersey-client-2.36.jar;C:\Users\mvchernov\.m2\repository\jakarta\ws\rs\jakarta.ws.rs-api\2.1.6\jakarta.ws.rs-api-2.1.6.jar;C:\Users\mvchernov\.m2\repository\org\glassfish\hk2\external\jakarta.inject\2.6.1\jakarta.inject-2.6.1.jar;C:\Users\mvchernov\.m2\repository\org\glassfish\jersey\media\jersey-media-json-jackson\2.36\jersey-media-json-jackson-2.36.jar;C:\Users\mvchernov\.m2\repository\org\glassfish\jersey\ext\jersey-entity-filtering\2.36\jersey-entity-filtering-2.36.jar;C:\Users\mvchernov\.m2\repository\com\fasterxml\jackson\module\jackson-module-jaxb-annotations\2.13.3\jackson-module-jaxb-annotations-2.13.3.jar;C:\Users\mvchernov\.m2\repository\jakarta\xml\bind\jakarta.xml.bind-api\2.3.3\jakarta.xml.bind-api-2.3.3.jar;C:\Users\mvchernov\.m2\repository\jakarta\activation\jakarta.activation-api\1.2.1\jakarta.activation-api-1.2.1.jar;C:\Users\mvchernov\.m2\repository\org\glassfish\jersey\inject\jersey-hk2\2.36\jersey-hk2-2.36.jar;C:\Users\mvchernov\.m2\repository\org\glassfish\hk2\hk2-locator\2.6.1\hk2-locator-2.6.1.jar;C:\Users\mvchernov\.m2\repository\org\glassfish\hk2\external\aopalliance-repackaged\2.6.1\aopalliance-repackaged-2.6.1.jar;C:\Users\mvchernov\.m2\repository\org\glassfish\hk2\hk2-api\2.6.1\hk2-api-2.6.1.jar;C:\Users\mvchernov\.m2\repository\org\glassfish\hk2\hk2-utils\2.6.1\hk2-utils-2.6.1.jar;C:\Users\mvchernov\.m2\repository\org\javassist\javassist\3.25.0-GA\javassist-3.25.0-GA.jar;C:\Users\mvchernov\.m2\repository\org\glassfish\jersey\core\jersey-common\2.36\jersey-common-2.36.jar;C:\Users\mvchernov\.m2\repository\jakarta\annotation\jakarta.annotation-api\1.3.5\jakarta.annotation-api-1.3.5.jar;C:\Users\mvchernov\.m2\repository\org\glassfish\hk2\osgi-resource-locator\1.0.3\osgi-resource-locator-1.0.3.jar;C:\Users\mvchernov\.m2\repository\org\glassfish\jersey\media\jersey-media-multipart\2.36\jersey-media-multipart-2.36.jar;C:\Users\mvchernov\.m2\repository\org\jvnet\mimepull\mimepull\1.9.13\mimepull-1.9.13.jar;C:\Users\mvchernov\.m2\repository\org\apache\nifi\nifi-expression-language\1.17.0\nifi-expression-language-1.17.0.jar;C:\Users\mvchernov\.m2\repository\org\antlr\antlr-runtime\3.5.2\antlr-runtime-3.5.2.jar;C:\Users\mvchernov\.m2\repository\org\apache\nifi\nifi-uuid5\1.17.0\nifi-uuid5-1.17.0.jar;C:\Users\mvchernov\.m2\repository\com\jayway\jsonpath\json-path\2.6.0\json-path-2.6.0.jar;C:\Users\mvchernov\.m2\repository\net\minidev\json-smart\2.4.8\json-smart-2.4.8.jar;C:\Users\mvchernov\.m2\repository\net\minidev\accessors-smart\2.4.8\accessors-smart-2.4.8.jar;C:\Users\mvchernov\.m2\repository\org\ow2\asm\asm\9.1\asm-9.1.jar;C:\Users\mvchernov\.m2\repository\org\apache\commons\commons-text\1.8\commons-text-1.8.jar;C:\Users\mvchernov\.m2\repository\commons-codec\commons-codec\1.15\commons-codec-1.15.jar;C:\Users\mvchernov\.m2\repository\org\apache\nifi\nifi-data-provenance-utils\1.17.0\nifi-data-provenance-utils-1.17.0.jar;C:\Users\mvchernov\.m2\repository\org\slf4j\slf4j-simple\1.7.36\slf4j-simple-1.7.36.jar;C:\Users\mvchernov\.m2\repository\org\slf4j\slf4j-api\1.7.36\slf4j-api-1.7.36.jar;C:\Users\mvchernov\.m2\repository\org\junit\jupiter\junit-jupiter-api\5.8.2\junit-jupiter-api-5.8.2.jar;C:\Users\mvchernov\.m2\repository\org\opentest4j\opentest4j\1.2.0\opentest4j-1.2.0.jar;C:\Users\mvchernov\.m2\repository\org\junit\platform\junit-platform-commons\1.8.2\junit-platform-commons-1.8.2.jar;C:\Users\mvchernov\.m2\repository\org\apiguardian\apiguardian-api\1.1.2\apiguardian-api-1.1.2.jar;C:\Users\mvchernov\.m2\repository\org\junit\jupiter\junit-jupiter-engine\5.8.2\junit-jupiter-engine-5.8.2.jar;C:\Users\mvchernov\.m2\repository\org\junit\platform\junit-platform-engine\1.8.2\junit-platform-engine-1.8.2.jar;C:\Users\mvchernov\.m2\repository\com\fasterxml\jackson\core\jackson-databind\2.11.1\jackson-databind-2.11.1.jar;C:\Users\mvchernov\.m2\repository\com\fasterxml\jackson\core\jackson-annotations\2.13.3\jackson-annotations-2.13.3.jar;C:\Users\mvchernov\.m2\repository\com\fasterxml\jackson\core\jackson-core\2.13.3\jackson-core-2.13.3.jar;C:\Users\mvchernov\.m2\repository\org\junit\vintage\junit-vintage-engine\5.8.2\junit-vintage-engine-5.8.2.jar;C:\Users\mvchernov\.m2\repository\junit\junit\4.13.2\junit-4.13.2.jar;C:\Users\mvchernov\.m2\repository\org\hamcrest\hamcrest-core\1.3\hamcrest-core-1.3.jar;C:\Users\mvchernov\.m2\repository\org\junit\jupiter\junit-jupiter-params\5.8.2\junit-jupiter-params-5.8.2.jar;C:\Users\mvchernov\.m2\repository\org\mockito\mockito-core\3.11.2\mockito-core-3.11.2.jar;C:\Users\mvchernov\.m2\repository\net\bytebuddy\byte-buddy\1.11.3\byte-buddy-1.11.3.jar;C:\Users\mvchernov\.m2\repository\net\bytebuddy\byte-buddy-agent\1.11.3\byte-buddy-agent-1.11.3.jar;C:\Users\mvchernov\.m2\repository\org\objenesis\objenesis\3.2\objenesis-3.2.jar;C:\Users\mvchernov\.m2\repository\org\mockito\mockito-junit-jupiter\3.11.2\mockito-junit-jupiter-3.11.2.jar;C:\Users\mvchernov\.m2\repository\org\codehaus\groovy\groovy-test\3.0.9\groovy-test-3.0.9.jar;C:\Users\mvchernov\.m2\repository\org\codehaus\groovy\groovy\3.0.9\groovy-3.0.9.jar;"/>
    <property name="sun.cpu.endian" value="little"/>
    <property name="user.home" value="C:\Users\mvchernov"/>
    <property name="user.language" value="ru"/>
    <property name="java.specification.vendor" value="Oracle Corporation"/>
    <property name="java.home" value="C:\JDK\jre"/>
    <property name="basedir" value="C:\Users\mvchernov\work\nifi-1.17.0\dev\NewProcessor\SSC-processors\nifi-demo-processors"/>
    <property name="file.separator" value="\"/>
    <property name="line.separator" value="&#10;"/>
    <property name="java.vm.specification.vendor" value="Oracle Corporation"/>
    <property name="java.specification.name" value="Java Platform API Specification"/>
    <property name="java.awt.graphicsenv" value="sun.awt.Win32GraphicsEnvironment"/>
    <property name="java.awt.headless" value="true"/>
    <property name="surefire.real.class.path" value="C:\Users\mvchernov\AppData\Local\Temp\surefire8473957934164823727\surefirebooter-20220816154718192_3.jar"/>
    <property name="sun.boot.class.path" value="C:\JDK\jre\lib\resources.jar;C:\JDK\jre\lib\rt.jar;C:\JDK\jre\lib\sunrsasign.jar;C:\JDK\jre\lib\jsse.jar;C:\JDK\jre\lib\jce.jar;C:\JDK\jre\lib\charsets.jar;C:\JDK\jre\lib\jfr.jar;C:\JDK\jre\classes"/>
    <property name="user.script" value=""/>
    <property name="sun.management.compiler" value="HotSpot 64-Bit Tiered Compilers"/>
    <property name="java.runtime.version" value="1.8.0_342-b07"/>
    <property name="user.name" value="mvchernov"/>
    <property name="path.separator" value=";"/>
    <property name="os.version" value="10.0"/>
    <property name="java.endorsed.dirs" value="C:\JDK\jre\lib\endorsed"/>
    <property name="java.runtime.name" value="OpenJDK Runtime Environment"/>
    <property name="file.encoding" value="Cp1251"/>
    <property name="java.vm.name" value="OpenJDK 64-Bit Server VM"/>
    <property name="localRepository" value="C:\Users\mvchernov\.m2\repository"/>
    <property name="java.vendor.url.bug" value="https://github.com/corretto/corretto-8/issues/"/>
    <property name="java.io.tmpdir" value="C:\Users\MVCHER~1\AppData\Local\Temp\"/>
    <property name="java.version" value="1.8.0_342"/>
    <property name="user.dir" value="C:\Users\mvchernov\work\nifi-1.17.0\dev\NewProcessor\SSC-processors\nifi-demo-processors"/>
    <property name="os.arch" value="amd64"/>
    <property name="java.vm.specification.name" value="Java Virtual Machine Specification"/>
    <property name="java.awt.printerjob" value="sun.awt.windows.WPrinterJob"/>
    <property name="sun.os.patch.level" value=""/>
    <property name="java.library.path" value="C:\JDK\jre\bin;C:\Windows\Sun\Java\bin;C:\Windows\system32;C:\Windows;C:\Windows\system32;C:\Windows;C:\Windows\System32\Wbem;C:\Windows\System32\WindowsPowerShell\v1.0\;C:\Windows\System32\OpenSSH\;C:\Program Files\PuTTY\;C:\Program Files\Git\cmd;C:\Program Files\Docker\Docker\resources\bin;C:\ProgramData\DockerDesktop\version-bin;C:\hadoop_2.3.0\bin;C:\JDK\bin;C:\Program Files\apache-maven-3.8.6\bin;C:\Users\mvchernov\AppData\Local\Microsoft\WindowsApps;;C:\Program Files\JetBrains\IntelliJ IDEA Community Edition 2022.1.4\bin;;C:\Program Files (x86)\Nmap;."/>
    <property name="java.vm.info" value="mixed mode"/>
    <property name="java.vendor" value="Amazon.com Inc."/>
    <property name="java.vm.version" value="25.342-b07"/>
    <property name="java.ext.dirs" value="C:\JDK\jre\lib\ext;C:\Windows\Sun\Java\lib\ext"/>
    <property name="sun.io.unicode.encoding" value="UnicodeLittle"/>
    <property name="java.class.version" value="52.0"/>
  </properties>
  <testcase name="testProcessor" classname="ssc.processors.demo.MyProcessorTest" time="0.301"/>
</testsuite>